autoscan: warning: missing AC_CHECK_HEADER_STDBOOL wanted by: 
	weight_flag_chk.c:48
	array_config.c:66
	array_config.c:67
	array_config.c:68
	array_config.c:851
	antenna_visibility.c:145
	qlook_imager.c:153
	qlook_imager.c:161
	wave_select.c:66
	link_SLR_sim.c:196
	link_SLR_sim.c:242
	link_SLR_sim.c:289
	link_SLR_sim.c:398
	link_SLR_sim.c:409
	allanv_disp.c:91
	allanv_disp.c:93
	uvw_calc.c:111
	uvw_calc.c:171
	err_parameter_set.c:162
	err_parameter_set.c:535
	err_parameter_set.c:2584
	err_parameter_set.c:2726
	err_parameter_set.c:2726
	station_select.c:29
	aris.c:150
	aris.c:153
	aris.c:184
	aris.c:217
	aris.c:227
	aris.c:252
	aris.c:697
	aris.c:762
	aris.c:938
	aris.c:978
	aris.c:994
	aris.c:1121
	aris.c:1244
	aris.c:1257
	aris.c:1288
	aris.c:1320
	aris.c:1334
	aris.c:1360
	aris.c:1379
	aris.c:1547
	aris.c:1675
	aris.c:1801
	aris.c:2342
	weight_flag_add.c:15
	tracking_init.c:23
	brightness_disp.c:101
	brightness_disp.c:136
	brightness_disp.c:156
	brightness_disp.c:243
	brightness_disp.c:284
	phase_screen_check.c:39
	phase_screen_check.c:316
	phase_screen_check.c:392
	phase_screen_check.c:650
	srt_info_disp.c:33
	atmospheric_fluctuation.c:168
	atmospheric_fluctuation.c:336
	atmospheric_fluctuation.c:407
	atmospheric_fluctuation.c:536
	atmospheric_fluctuation.c:540
	atmospheric_fluctuation.c:552
	spectl_disp.c:81
	spectl_disp.c:83
	obs_param_input.c:84
	obs_param_input.c:111
	obs_param_input.c:114
	obs_param_input.c:270
	obs_param_input.c:295
	obs_param_input.c:683
	obs_param_input.c:688
	obs_param_input.c:858
	obs_param_input.c:1040
	obs_param_input.c:1236
	obs_param_input.c:1283
	obs_param_input.c:1340
	obs_param_input.c:1372
	obs_param_input.c:1379
	obs_param_input.c:1400
	obs_param_input.c:1414
	obs_param_input.c:1648
	obs_param_input.c:1668
	obs_param_input.c:1742
	obs_param_input.c:1868
	obs_param_input.c:1918
	obs_param_input.c:1923
	obs_param_input.c:1992
	fits_data_select.c:33
	menu_config.c:115
	menu_config.c:125
	menu_config.c:135
	menu_config.c:145
	menu_config.c:155
	menu_config.c:165
	menu_config.c:175
	menu_config.c:185
	menu_config.c:187
	menu_config.c:196
	menu_config.c:206
	menu_config.c:216
	menu_config.c:226
	menu_config.c:236
	menu_config.c:246
	menu_config.c:256
	menu_config.c:258
	menu_config.c:267
	menu_config.c:269
	menu_config.c:283
	menu_config.c:298
	menu_config.c:313
	menu_config.c:328
	menu_config.c:343
	menu_config.c:358
	menu_config.c:417
	menu_config.c:654
	menu_config.c:788
	menu_config.c:791
	menu_config.c:795
	menu_config.c:796
	menu_config.c:800
	menu_config.c:814
	menu_config.c:820
	menu_config.c:827
	menu_config.c:828
	menu_config.c:834
	menu_config.c:858
	menu_config.c:861
	menu_config.c:878
	menu_config.c:885
	menu_config.c:893
	menu_config.c:894
	menu_config.c:1606
	menu_config.c:1648
	menu_config.c:1690
	phase_reference.c:128
	phase_reference.c:133
	phase_reference.c:164
	orbit_disp.c:147
	orbit_disp.c:203
	orbit_disp.c:217
	orbit_disp.c:296
	orbit_disp.c:364
	orbit_disp.c:448
	orbit_disp.c:543
	orbit_disp.c:554
	turbulent_phase_screen.c:190
	turbulent_phase_screen.c:439
	turbulent_phase_screen.c:648
	antenna_selection.c:27
	antenna_selection.c:42
	link_TRK_sim.c:111
	link_TRK_sim.c:299
	tracking_status.c:79
	tracking_status.c:84
	tracking_status.c:100
	tracking_status.c:127
	tracking_condition.c:124
	tracking_condition.c:131
	tracking_condition.c:142
	tracking_condition.c:169
	obs_param_set.c:138
	_toggle_button.c:16
	comment_disp.c:57
	baseline_check.c:21
	baseline_check.c:25
	visibility_calc.c:364
	_off_button.c:51
	output_star_position.c:43
	output_star_position.c:59
	output_star_position.c:94
	output_star_position.c:110
	output_star_position.c:112
	obs_param_file_io.c:39
	obs_param_file_io.c:78
	imager.c:125
	imager.c:130
	imager.c:136
	data_link_schedule.c:295
	weight_flag_chk.c:44
	array_config.c:70
	array_config.c:145
	array_config.c:147
	array_config.c:207
	array_config.c:208
	array_config.c:851
	array_config.c:852
	array_config.c:853
	array_config.c:853
	array_config.c:891
	_on_button.c:52
	antenna_visibility.c:168
	qlook_imager.c:119
	qlook_imager.c:227
	qlook_imager.c:227
	qlook_imager.c:227
	wave_select.c:72
	wave_select.c:76
	wave_select.c:80
	wave_select.c:84
	wave_select.c:88
	wave_select.c:92
	wave_select.c:96
	wave_select.c:100
	wave_select.c:104
	wave_select.c:108
	wave_select.c:112
	wave_select.c:116
	wave_select.c:120
	wave_select.c:124
	wave_select.c:128
	wave_select.c:132
	wave_select.c:136
	wave_select.c:140
	wave_select.c:146
	comment_init.c:22
	link_SLR_sim.c:160
	link_SLR_sim.c:193
	link_SLR_sim.c:239
	link_SLR_sim.c:286
	link_SLR_sim.c:390
	uvw_calc.c:72
	uvw_calc.c:197
	uvw_calc.c:209
	uvw_calc.c:209
	uvw_calc.c:210
	uvw_calc.c:234
	uvw_calc.c:248
	uvw_calc.c:259
	uvw_calc.c:270
	uvw_calc.c:310
	uvw_calc.c:322
	uvw_calc.c:340
	uvw_calc.c:375
	uvw_calc.c:428
	uvw_calc.c:442
	seed_random.c:28
	err_parameter_set.c:489
	err_parameter_set.c:592
	err_parameter_set.c:592
	err_parameter_set.c:621
	err_parameter_set.c:648
	err_parameter_set.c:668
	err_parameter_set.c:686
	err_parameter_set.c:1201
	err_parameter_set.c:1218
	err_parameter_set.c:1300
	err_parameter_set.c:1300
	err_parameter_set.c:1319
	err_parameter_set.c:1333
	err_parameter_set.c:1362
	err_parameter_set.c:1364
	err_parameter_set.c:1371
	err_parameter_set.c:1394
	err_parameter_set.c:1415
	err_parameter_set.c:1958
	err_parameter_set.c:1984
	err_parameter_set.c:1984
	err_parameter_set.c:2004
	err_parameter_set.c:2200
	err_parameter_set.c:2214
	err_parameter_set.c:2227
	err_parameter_set.c:2553
	err_parameter_set.c:2586
	err_parameter_set.c:2587
	err_parameter_set.c:2687
	err_parameter_set.c:2749
	err_parameter_set.c:2765
	station_select.c:105
	aris.c:215
	aris.c:225
	aris.c:247
	aris.c:276
	aris.c:284
	aris.c:299
	aris.c:300
	aris.c:305
	aris.c:306
	aris.c:324
	aris.c:417
	aris.c:452
	aris.c:484
	aris.c:630
	aris.c:678
	aris.c:679
	aris.c:774
	aris.c:783
	aris.c:804
	aris.c:839
	aris.c:852
	aris.c:852
	aris.c:853
	aris.c:885
	aris.c:926
	aris.c:927
	aris.c:960
	aris.c:972
	aris.c:990
	aris.c:1025
	aris.c:1041
	aris.c:1058
	aris.c:1068
	aris.c:1071
	aris.c:1079
	aris.c:1088
	aris.c:1091
	aris.c:1094
	aris.c:1123
	aris.c:1124
	aris.c:1170
	aris.c:1173
	aris.c:1176
	aris.c:1179
	aris.c:1198
	aris.c:1201
	aris.c:1204
	aris.c:1207
	aris.c:1225
	aris.c:1242
	aris.c:1246
	aris.c:1247
	aris.c:1266
	aris.c:1269
	aris.c:1272
	aris.c:1283
	aris.c:1298
	aris.c:1301
	aris.c:1318
	aris.c:1322
	aris.c:1323
	aris.c:1342
	aris.c:1345
	aris.c:1349
	aris.c:1362
	aris.c:1363
	aris.c:1377
	aris.c:1381
	aris.c:1382
	aris.c:1400
	aris.c:1403
	aris.c:1407
	aris.c:1426
	aris.c:1432
	aris.c:1449
	aris.c:1472
	aris.c:1488
	aris.c:1518
	aris.c:1518
	aris.c:1528
	aris.c:1585
	aris.c:1605
	aris.c:1606
	aris.c:1672
	aris.c:1673
	aris.c:1728
	aris.c:1757
	aris.c:1803
	aris.c:1804
	aris.c:1817
	aris.c:1820
	aris.c:1823
	aris.c:1826
	aris.c:1840
	aris.c:1843
	aris.c:1846
	aris.c:1849
	aris.c:1873
	aris.c:1876
	aris.c:1879
	aris.c:1882
	aris.c:1935
	aris.c:1938
	aris.c:1941
	aris.c:1944
	aris.c:1959
	aris.c:1962
	aris.c:1965
	aris.c:1968
	aris.c:1991
	aris.c:1994
	aris.c:1997
	aris.c:2000
	aris.c:2011
	aris.c:2026
	aris.c:2039
	aris.c:2047
	aris.c:2079
	aris.c:2102
	aris.c:2106
	aris.c:2144
	aris.c:2158
	aris.c:2159
	aris.c:2163
	aris.c:2164
	aris.c:2168
	aris.c:2169
	aris.c:2173
	aris.c:2174
	aris.c:2194
	aris.c:2197
	aris.c:2200
	aris.c:2203
	aris.c:2225
	aris.c:2228
	aris.c:2231
	aris.c:2234
	aris.c:2251
	aris.c:2252
	aris.c:2261
	aris.c:2262
	aris.c:2282
	aris.c:2285
	aris.c:2288
	aris.c:2291
	aris.c:2305
	aris.c:2339
	aris.c:2340
	aris.c:2389
	aris.c:2392
	aris.c:2395
	aris.c:2398
	weight_flag_add.c:23
	weight_flag_add.c:36
	weight_flag_add.c:45
	tracking_init.c:23
	brightness_disp.c:72
	brightness_disp.c:148
	brightness_disp.c:155
	brightness_disp.c:193
	brightness_disp.c:283
	brightness_disp.c:292
	phase_screen_check.c:163
	phase_screen_check.c:317
	phase_screen_check.c:351
	phase_screen_check.c:450
	phase_screen_check.c:479
	phase_screen_check.c:694
	phase_screen_check.c:711
	phase_screen_check.c:836
	phase_screen_check.c:857
	srt_info_disp.c:31
	atmospheric_fluctuation.c:175
	atmospheric_fluctuation.c:339
	atmospheric_fluctuation.c:340
	atmospheric_fluctuation.c:500
	atmospheric_fluctuation.c:539
	obs_param_input.c:114
	obs_param_input.c:271
	obs_param_input.c:275
	obs_param_input.c:293
	obs_param_input.c:688
	obs_param_input.c:800
	obs_param_input.c:800
	obs_param_input.c:846
	obs_param_input.c:856
	obs_param_input.c:950
	obs_param_input.c:959
	obs_param_input.c:963
	obs_param_input.c:965
	obs_param_input.c:1038
	obs_param_input.c:1285
	obs_param_input.c:1299
	obs_param_input.c:1333
	obs_param_input.c:1391
	obs_param_input.c:1398
	obs_param_input.c:1407
	obs_param_input.c:1551
	obs_param_input.c:1558
	obs_param_input.c:1577
	obs_param_input.c:1584
	obs_param_input.c:1606
	obs_param_input.c:1620
	obs_param_input.c:1648
	obs_param_input.c:1668
	obs_param_input.c:1714
	obs_param_input.c:1714
	obs_param_input.c:1750
	obs_param_input.c:1766
	obs_param_input.c:1849
	obs_param_input.c:1859
	obs_param_input.c:1866
	obs_param_input.c:1920
	obs_param_input.c:1921
	obs_param_input.c:1922
	obs_param_input.c:1924
	obs_param_input.c:1967
	obs_param_input.c:1978
	obs_param_input.c:1979
	obs_param_input.c:1985
	obs_param_input.c:1986
	obs_param_input.c:2007
	obs_param_input.c:2012
	obs_param_input.c:2018
	fits_data_select.c:60
	ref_pos_shift.c:51
	ref_pos_shift.c:52
	ref_pos_shift.c:70
	ref_pos_shift.c:71
	menu_config.c:113
	menu_config.c:123
	menu_config.c:133
	menu_config.c:143
	menu_config.c:153
	menu_config.c:163
	menu_config.c:173
	menu_config.c:183
	menu_config.c:194
	menu_config.c:204
	menu_config.c:214
	menu_config.c:224
	menu_config.c:234
	menu_config.c:244
	menu_config.c:254
	menu_config.c:265
	menu_config.c:276
	menu_config.c:276
	menu_config.c:277
	menu_config.c:277
	menu_config.c:278
	menu_config.c:278
	menu_config.c:279
	menu_config.c:280
	menu_config.c:280
	menu_config.c:281
	menu_config.c:291
	menu_config.c:291
	menu_config.c:292
	menu_config.c:292
	menu_config.c:293
	menu_config.c:293
	menu_config.c:294
	menu_config.c:295
	menu_config.c:295
	menu_config.c:296
	menu_config.c:306
	menu_config.c:306
	menu_config.c:307
	menu_config.c:307
	menu_config.c:308
	menu_config.c:308
	menu_config.c:309
	menu_config.c:310
	menu_config.c:310
	menu_config.c:311
	menu_config.c:321
	menu_config.c:321
	menu_config.c:322
	menu_config.c:322
	menu_config.c:323
	menu_config.c:323
	menu_config.c:324
	menu_config.c:325
	menu_config.c:325
	menu_config.c:326
	menu_config.c:336
	menu_config.c:336
	menu_config.c:337
	menu_config.c:337
	menu_config.c:338
	menu_config.c:338
	menu_config.c:339
	menu_config.c:340
	menu_config.c:340
	menu_config.c:341
	menu_config.c:351
	menu_config.c:351
	menu_config.c:352
	menu_config.c:352
	menu_config.c:353
	menu_config.c:353
	menu_config.c:354
	menu_config.c:355
	menu_config.c:355
	menu_config.c:356
	menu_config.c:374
	menu_config.c:384
	menu_config.c:400
	menu_config.c:421
	menu_config.c:448
	menu_config.c:453
	menu_config.c:487
	menu_config.c:528
	menu_config.c:610
	menu_config.c:610
	menu_config.c:611
	menu_config.c:611
	menu_config.c:612
	menu_config.c:612
	menu_config.c:613
	menu_config.c:614
	menu_config.c:614
	menu_config.c:656
	menu_config.c:657
	menu_config.c:662
	menu_config.c:676
	menu_config.c:677
	menu_config.c:682
	menu_config.c:683
	menu_config.c:688
	menu_config.c:689
	menu_config.c:699
	menu_config.c:717
	menu_config.c:724
	menu_config.c:737
	menu_config.c:745
	menu_config.c:758
	menu_config.c:777
	menu_config.c:784
	menu_config.c:784
	menu_config.c:787
	menu_config.c:792
	menu_config.c:802
	menu_config.c:803
	menu_config.c:806
	menu_config.c:806
	menu_config.c:813
	menu_config.c:821
	menu_config.c:836
	menu_config.c:837
	menu_config.c:848
	menu_config.c:850
	menu_config.c:855
	menu_config.c:855
	menu_config.c:858
	menu_config.c:861
	menu_config.c:868
	menu_config.c:868
	menu_config.c:877
	menu_config.c:886
	menu_config.c:904
	menu_config.c:906
	menu_config.c:919
	menu_config.c:929
	menu_config.c:931
	menu_config.c:939
	menu_config.c:952
	menu_config.c:963
	menu_config.c:965
	menu_config.c:980
	menu_config.c:986
	menu_config.c:1131
	menu_config.c:1137
	menu_config.c:1144
	menu_config.c:1151
	menu_config.c:1184
	menu_config.c:1186
	menu_config.c:1193
	menu_config.c:1208
	menu_config.c:1214
	menu_config.c:1253
	menu_config.c:1272
	menu_config.c:1281
	menu_config.c:1294
	menu_config.c:1296
	menu_config.c:1376
	menu_config.c:1386
	menu_config.c:1388
	menu_config.c:1400
	menu_config.c:1412
	menu_config.c:1422
	menu_config.c:1433
	menu_config.c:1443
	menu_config.c:1454
	menu_config.c:1464
	menu_config.c:1475
	menu_config.c:1485
	menu_config.c:1496
	menu_config.c:1506
	menu_config.c:1518
	menu_config.c:1520
	menu_config.c:1549
	menu_config.c:1551
	menu_config.c:1579
	menu_config.c:1585
	menu_config.c:1592
	menu_config.c:1599
	menu_config.c:1611
	menu_config.c:1621
	menu_config.c:1627
	menu_config.c:1634
	menu_config.c:1641
	menu_config.c:1653
	menu_config.c:1663
	menu_config.c:1669
	menu_config.c:1676
	menu_config.c:1683
	menu_config.c:1695
	menu_config.c:1705
	menu_config.c:1711
	menu_config.c:1718
	menu_config.c:1725
	menu_config.c:1750
	menu_config.c:1763
	menu_config.c:1773
	menu_config.c:1775
	menu_config.c:1785
	menu_config.c:1798
	menu_config.c:1808
	menu_config.c:1810
	menu_config.c:1820
	menu_config.c:1832
	menu_config.c:1839
	phase_reference.c:104
	phase_reference.c:135
	orbit_disp.c:201
	orbit_disp.c:214
	orbit_disp.c:251
	orbit_disp.c:298
	orbit_disp.c:301
	orbit_disp.c:398
	orbit_disp.c:451
	orbit_disp.c:531
	orbit_disp.c:556
	turbulent_phase_screen.c:188
	turbulent_phase_screen.c:238
	turbulent_phase_screen.c:425
	turbulent_phase_screen.c:529
	turbulent_phase_screen.c:644
	turbulent_phase_screen.c:653
	link_TRK_sim.c:393
	tracking_status.c:46
	tracking_status.c:67
	tracking_status.c:90
	tracking_status.c:96
	tracking_status.c:106
	tracking_status.c:113
	tracking_status.c:122
	tracking_condition.c:86
	draw_earth.c:151
	draw_earth.c:182
	draw_earth.c:220
	draw_earth.c:253
	draw_earth.c:271
	_toggle_button.c:14
	comment_disp.c:22
	baseline_check.c:16
	baseline_check.c:19
	visibility_calc.c:282
	visibility_calc.c:286
	visibility_calc.c:287
	visibility_calc.c:292
	visibility_calc.c:293
	visibility_calc.c:332
	visibility_calc.c:332
	visibility_calc.c:364
	output_star_position.c:48
	output_star_position.c:53
	output_star_position.c:57
	output_star_position.c:99
	output_star_position.c:104
	output_star_position.c:121
	obs_param_file_io.c:76
	imager.c:141
	imager.c:147
	data_link_schedule.c:392
