This file contains any messages produced by compilers while
running configure, to aid debugging if configure makes a mistake.

It was created by FULL-PACKAGE-NAME configure VERSION, which was
generated by GNU Autoconf 2.61.  Invocation command line was

  $ ./configure 

## --------- ##
## Platform. ##
## --------- ##

hostname = harp.local
uname -m = i386
uname -r = 10.4.0
uname -s = Darwin
uname -v = Darwin Kernel Version 10.4.0: Fri Apr 23 18:28:53 PDT 2010; root:xnu-1504.7.4~1/RELEASE_I386

/usr/bin/uname -p = i386
/bin/uname -X     = unknown

/bin/arch              = unknown
/usr/bin/arch -k       = unknown
/usr/convex/getsysinfo = unknown
/usr/bin/hostinfo      = Mach kernel version:
	 Darwin Kernel Version 10.4.0: Fri Apr 23 18:28:53 PDT 2010; root:xnu-1504.7.4~1/RELEASE_I386
Kernel configured for up to 4 processors.
2 processors are physically available.
4 processors are logically available.
Processor type: i486 (Intel 80486)
Processors active: 0 1 2 3
Primary memory available: 8.00 gigabytes
Default processor set: 52 tasks, 225 threads, 4 processors
Load average: 0.26, Mach factor: 3.73
/bin/machine           = unknown
/usr/bin/oslevel       = unknown
/bin/universe          = unknown

PATH: .
PATH: /usr/local/bin
PATH: /usr/local/gnu/bin
PATH: /Users/asaki/local/bin
PATH: /bin
PATH: /usr/bin
PATH: /usr/etc
PATH: /etc
PATH: /usr/ucb
PATH: /usr/lib
PATH: /usr/include
PATH: /sbin
PATH: ./bin
PATH: /usr/local/bin/sched
PATH: /usr/local/uvf_difmap
PATH: /Users/asaki/vlbi/libcorr/bin
PATH: /usr/local/OpenOffice.org1.0.1
PATH: /usr/local/OpenOffice.org1.0.1/program
PATH: /Users/asaki/vsop/prog/attdiv/attdiv/bin
PATH: /usr/local/pgplot
PATH: /usr/X11R6/bin


## ----------- ##
## Core tests. ##
## ----------- ##

configure:1745: checking for gcc
configure:1761: found /usr/local/bin/gcc
configure:1772: result: gcc
configure:2010: checking for C compiler version
configure:2017: gcc --version >&5
gcc (GCC) 4.6.0 20100703 (experimental)
Copyright (C) 2010 Free Software Foundation, Inc.
This is free software; see the source for copying conditions.  There is NO
warranty; not even for MERCHANTABILITY or FITNESS FOR A PARTICULAR PURPOSE.

configure:2020: $? = 0
configure:2027: gcc -v >&5
Using built-in specs.
COLLECT_GCC=gcc
COLLECT_LTO_WRAPPER=/usr/local/libexec/gcc/x86_64-apple-darwin10/4.6.0/lto-wrapper
Target: x86_64-apple-darwin10
Configured with: ../gcc-4.6-20100703/configure --enable-languages=fortran,c++ --host=x86_64-apple-darwin10 --build=x86_64-apple-darwin10
Thread model: posix
gcc version 4.6.0 20100703 (experimental) (GCC) 
configure:2030: $? = 0
configure:2037: gcc -V >&5
gcc: error: unrecognized option '-V'
gcc: fatal error: no input files
compilation terminated.
configure:2040: $? = 1
configure:2063: checking for C compiler default output file name
configure:2090: gcc    conftest.c  >&5
configure:2093: $? = 0
configure:2131: result: a.out
configure:2148: checking whether the C compiler works
configure:2158: ./a.out
configure:2161: $? = 0
configure:2178: result: yes
configure:2185: checking whether we are cross compiling
configure:2187: result: no
configure:2190: checking for suffix of executables
configure:2197: gcc -o conftest    conftest.c  >&5
configure:2200: $? = 0
configure:2224: result: 
configure:2230: checking for suffix of object files
configure:2256: gcc -c   conftest.c >&5
configure:2259: $? = 0
configure:2282: result: o
configure:2286: checking whether we are using the GNU C compiler
configure:2315: gcc -c   conftest.c >&5
configure:2321: $? = 0
configure:2338: result: yes
configure:2343: checking whether gcc accepts -g
configure:2373: gcc -c -g  conftest.c >&5
configure:2379: $? = 0
configure:2478: result: yes
configure:2495: checking for gcc option to accept ISO C89
configure:2569: gcc  -c -g -O2  conftest.c >&5
configure:2575: $? = 0
configure:2598: result: none needed
configure:2671: checking for ifort
configure:2701: result: no
configure:2671: checking for ifc
configure:2701: result: no
configure:2671: checking for pgf90
configure:2701: result: no
configure:2671: checking for xlf95
configure:2701: result: no
configure:2671: checking for xlf90
configure:2701: result: no
configure:2671: checking for lf95
configure:2701: result: no
configure:2671: checking for epcf90
configure:2701: result: no
configure:2671: checking for f90
configure:2701: result: no
configure:2671: checking for f95
configure:2701: result: no
configure:2671: checking for gfortran
configure:2687: found /usr/local/bin/gfortran
configure:2698: result: gfortran
configure:2728: checking for Fortran 77 compiler version
configure:2735: gfortran --version >&5
GNU Fortran (GCC) 4.6.0 20100703 (experimental)
Copyright (C) 2010 Free Software Foundation, Inc.

GNU Fortran comes with NO WARRANTY, to the extent permitted by law.
You may redistribute copies of GNU Fortran
under the terms of the GNU General Public License.
For more information about these matters, see the file named COPYING

configure:2738: $? = 0
configure:2745: gfortran -v >&5
Using built-in specs.
COLLECT_GCC=gfortran
COLLECT_LTO_WRAPPER=/usr/local/libexec/gcc/x86_64-apple-darwin10/4.6.0/lto-wrapper
Target: x86_64-apple-darwin10
Configured with: ../gcc-4.6-20100703/configure --enable-languages=fortran --host=x86_64-apple-darwin10 --build=x86_64-apple-darwin10
Thread model: posix
gcc version 4.6.0 20100703 (experimental) (GCC) 
configure:2748: $? = 0
configure:2755: gfortran -V >&5
gfortran: fatal error: argument to '-V' missing
compilation terminated.
configure:2758: $? = 1
configure:2766: checking whether we are using the GNU Fortran 77 compiler
configure:2785: gfortran -c  conftest.F >&5
configure:2791: $? = 0
configure:2808: result: yes
configure:2814: checking whether gfortran accepts -g
configure:2831: gfortran -c -g conftest.f >&5
configure:2837: $? = 0
configure:2853: result: yes
configure:2888: checking how to run the C preprocessor
configure:2928: gcc -E  conftest.c
configure:2934: $? = 0
configure:2965: gcc -E  conftest.c
conftest.c:8:28: fatal error: ac_nonexistent.h: No such file or directory
compilation terminated.
configure:2971: $? = 1
configure: failed program was:
| /* confdefs.h.  */
| #define PACKAGE_NAME "FULL-PACKAGE-NAME"
| #define PACKAGE_TARNAME "full-package-name"
| #define PACKAGE_VERSION "VERSION"
| #define PACKAGE_STRING "FULL-PACKAGE-NAME VERSION"
| #define PACKAGE_BUGREPORT "BUG-REPORT-ADDRESS"
| /* end confdefs.h.  */
| #include <ac_nonexistent.h>
configure:3004: result: gcc -E
configure:3033: gcc -E  conftest.c
configure:3039: $? = 0
configure:3070: gcc -E  conftest.c
conftest.c:8:28: fatal error: ac_nonexistent.h: No such file or directory
compilation terminated.
configure:3076: $? = 1
configure: failed program was:
| /* confdefs.h.  */
| #define PACKAGE_NAME "FULL-PACKAGE-NAME"
| #define PACKAGE_TARNAME "full-package-name"
| #define PACKAGE_VERSION "VERSION"
| #define PACKAGE_STRING "FULL-PACKAGE-NAME VERSION"
| #define PACKAGE_BUGREPORT "BUG-REPORT-ADDRESS"
| /* end confdefs.h.  */
| #include <ac_nonexistent.h>
configure:3114: checking for grep that handles long lines and -e
configure:3188: result: /usr/bin/grep
configure:3193: checking for egrep
configure:3271: result: /usr/bin/grep -E
configure:3276: checking for ANSI C header files
configure:3306: gcc -c -g -O2  conftest.c >&5
configure:3312: $? = 0
configure:3411: gcc -o conftest -g -O2   conftest.c  >&5
configure:3414: $? = 0
configure:3420: ./conftest
configure:3423: $? = 0
configure:3440: result: yes
configure:3464: checking for sys/types.h
configure:3485: gcc -c -g -O2  conftest.c >&5
configure:3491: $? = 0
configure:3507: result: yes
configure:3464: checking for sys/stat.h
configure:3485: gcc -c -g -O2  conftest.c >&5
configure:3491: $? = 0
configure:3507: result: yes
configure:3464: checking for stdlib.h
configure:3485: gcc -c -g -O2  conftest.c >&5
configure:3491: $? = 0
configure:3507: result: yes
configure:3464: checking for string.h
configure:3485: gcc -c -g -O2  conftest.c >&5
configure:3491: $? = 0
configure:3507: result: yes
configure:3464: checking for memory.h
configure:3485: gcc -c -g -O2  conftest.c >&5
configure:3491: $? = 0
configure:3507: result: yes
configure:3464: checking for strings.h
configure:3485: gcc -c -g -O2  conftest.c >&5
configure:3491: $? = 0
configure:3507: result: yes
configure:3464: checking for inttypes.h
configure:3485: gcc -c -g -O2  conftest.c >&5
configure:3491: $? = 0
configure:3507: result: yes
configure:3464: checking for stdint.h
configure:3485: gcc -c -g -O2  conftest.c >&5
configure:3491: $? = 0
configure:3507: result: yes
configure:3464: checking for unistd.h
configure:3485: gcc -c -g -O2  conftest.c >&5
configure:3491: $? = 0
configure:3507: result: yes
configure:3524: checking for stdlib.h
configure:3530: result: yes
configure:3673: checking for getcwd
configure:3729: gcc -o conftest -g -O2   conftest.c  >&5
configure:3735: $? = 0
configure:3753: result: yes
configure:3673: checking for getwd
configure:3729: gcc -o conftest -g -O2   conftest.c  >&5
configure:3735: $? = 0
configure:3753: result: yes
configure:3866: creating ./config.status

## ---------------------- ##
## Running config.status. ##
## ---------------------- ##

This file was extended by FULL-PACKAGE-NAME config.status VERSION, which was
generated by GNU Autoconf 2.61.  Invocation command line was

  CONFIG_FILES    = 
  CONFIG_HEADERS  = 
  CONFIG_LINKS    = 
  CONFIG_COMMANDS = 
  $ ./config.status 

on harp.local

config.status:594: creating Makefile
config.status:580: error: cannot find input file: config.h.in

## ---------------- ##
## Cache variables. ##
## ---------------- ##

ac_cv_c_compiler_gnu=yes
ac_cv_env_CC_set=
ac_cv_env_CC_value=
ac_cv_env_CFLAGS_set=
ac_cv_env_CFLAGS_value=
ac_cv_env_CPPFLAGS_set=
ac_cv_env_CPPFLAGS_value=
ac_cv_env_CPP_set=
ac_cv_env_CPP_value=
ac_cv_env_F77_set=
ac_cv_env_F77_value=
ac_cv_env_FFLAGS_set=
ac_cv_env_FFLAGS_value=
ac_cv_env_LDFLAGS_set=
ac_cv_env_LDFLAGS_value=
ac_cv_env_LIBS_set=
ac_cv_env_LIBS_value=
ac_cv_env_build_alias_set=
ac_cv_env_build_alias_value=
ac_cv_env_host_alias_set=
ac_cv_env_host_alias_value=
ac_cv_env_target_alias_set=
ac_cv_env_target_alias_value=
ac_cv_f77_compiler_gnu=yes
ac_cv_func_getcwd=yes
ac_cv_func_getwd=yes
ac_cv_header_inttypes_h=yes
ac_cv_header_memory_h=yes
ac_cv_header_stdc=yes
ac_cv_header_stdint_h=yes
ac_cv_header_stdlib_h=yes
ac_cv_header_string_h=yes
ac_cv_header_strings_h=yes
ac_cv_header_sys_stat_h=yes
ac_cv_header_sys_types_h=yes
ac_cv_header_unistd_h=yes
ac_cv_objext=o
ac_cv_path_EGREP='/usr/bin/grep -E'
ac_cv_path_GREP=/usr/bin/grep
ac_cv_prog_CPP='gcc -E'
ac_cv_prog_ac_ct_CC=gcc
ac_cv_prog_ac_ct_F77=gfortran
ac_cv_prog_cc_c89=
ac_cv_prog_cc_g=yes
ac_cv_prog_f77_g=yes

## ----------------- ##
## Output variables. ##
## ----------------- ##

CC='gcc'
CFLAGS='-g -O2'
CPP='gcc -E'
CPPFLAGS=''
DEFS='-DHAVE_CONFIG_H'
ECHO_C='ECHO_N=''
ECHO_T=''
EGREP='/usr/bin/grep -E'
EXEEXT=''
F77='gfortran'
FFLAGS='-g -O2'
GREP='/usr/bin/grep'
LDFLAGS=''
LIBOBJS=''
LIBS=''
LTLIBOBJS=''
OBJEXT='o'
PACKAGE_BUGREPORT='BUG-REPORT-ADDRESS'
PACKAGE_NAME='FULL-PACKAGE-NAME'
PACKAGE_STRING='FULL-PACKAGE-NAME VERSION'
PACKAGE_TARNAME='full-package-name'
PACKAGE_VERSION='VERSION'
PATH_SEPARATOR=':'
SHELL='/bin/sh'
ac_ct_CC='gcc'
ac_ct_F77='gfortran'
bindir='${exec_prefix}/bin'
build_alias=''
datadir='${datarootdir}'
datarootdir='${prefix}/share'
docdir='${datarootdir}/doc/${PACKAGE_TARNAME}'
dvidir='${docdir}'
exec_prefix='${prefix}'
host_alias=''
htmldir='${docdir}'
includedir='${prefix}/include'
infodir='${datarootdir}/info'
libdir='${exec_prefix}/lib'
libexecdir='${exec_prefix}/libexec'
localedir='${datarootdir}/locale'
localstatedir='${prefix}/var'
mandir='${datarootdir}/man'
oldincludedir='/usr/include'
pdfdir='${docdir}'
prefix='/usr/local'
program_transform_name='s,x,x,'
psdir='${docdir}'
sbindir='${exec_prefix}/sbin'
sharedstatedir='${prefix}/com'
sysconfdir='${prefix}/etc'
target_alias=''

## ----------- ##
## confdefs.h. ##
## ----------- ##

#define PACKAGE_NAME "FULL-PACKAGE-NAME"
#define PACKAGE_TARNAME "full-package-name"
#define PACKAGE_VERSION "VERSION"
#define PACKAGE_STRING "FULL-PACKAGE-NAME VERSION"
#define PACKAGE_BUGREPORT "BUG-REPORT-ADDRESS"
#define STDC_HEADERS 1
#define HAVE_SYS_TYPES_H 1
#define HAVE_SYS_STAT_H 1
#define HAVE_STDLIB_H 1
#define HAVE_STRING_H 1
#define HAVE_MEMORY_H 1
#define HAVE_STRINGS_H 1
#define HAVE_INTTYPES_H 1
#define HAVE_STDINT_H 1
#define HAVE_UNISTD_H 1
#define HAVE_STDLIB_H 1
#define HAVE_GETCWD 1
#define HAVE_GETWD 1

configure: exit 1
